<configuration>

  <conversionRule conversionWord="coloredLevel" converterClass="play.api.Logger$ColoredLevel" />

  <appender name="STDOUT" class="ch.qos.logback.core.ConsoleAppender">
    <encoder>
      <pattern>%coloredLevel %logger{15} - %message%n%xException</pattern>
    </encoder>
  </appender>

  <logger name="play" level="WARN" />
  <logger name="com.zaxxer.hikari" level="WARN" />

  <root level="ERROR">
    <appender-ref ref="STDOUT" />
  </root>

</configuration>
